<?xml version="1.0" encoding="UTF-8" ?>
<testsuite tests="7" failures="0" name="com.cillu.mediator.domainevents.TestDomainEvents" time="1.534" errors="0" skipped="0">
  <properties>
[...]
</properties>
  <testcase classname="com.cillu.mediator.domainevents.TestDomainEvents" name="com.cillu.mediator.domainevents.TestDomainEvents.testSuccessConfig" time="1.188"/>
  <testcase classname="com.cillu.mediator.domainevents.TestDomainEvents" name="com.cillu.mediator.domainevents.TestDomainEvents.testCreateDomainEventTest" time="0.154"/>
  <testcase classname="com.cillu.mediator.domainevents.TestDomainEvents" name="com.cillu.mediator.domainevents.TestDomainEvents.testNoDomainEventTest" time="0.042"/>
  <testcase classname="com.cillu.mediator.domainevents.TestDomainEvents" name="com.cillu.mediator.domainevents.TestDomainEvents.testMissingService" time="0.047"/>
  <testcase classname="com.cillu.mediator.domainevents.TestDomainEvents" name="com.cillu.mediator.domainevents.TestDomainEvents.testSuccessConfigNoService" time="0.034"/>
  <testcase classname="com.cillu.mediator.domainevents.TestDomainEvents" name="com.cillu.mediator.domainevents.TestDomainEvents.testMissingWrongInterface" time="0.029"/>
  <testcase classname="com.cillu.mediator.domainevents.TestDomainEvents" name="com.cillu.mediator.domainevents.TestDomainEvents.testWrongConstructor" time="0.04"/>
</testsuite>