<?xml version="1.0" encoding="UTF-8"?>
<testsuite xmlns:xsi="http://www.w3.org/2001/XMLSchema-instance" xsi:noNamespaceSchemaLocation="https://maven.apache.org/surefire/maven-failsafe-plugin/xsd/failsafe-test-report-3.0.xsd" version="3.0" name="com.cillu.mediator.integrationevents.rabbitmq.RabbitMqIT" time="3.213" tests="1" errors="0" skipped="0" failures="0">
  <properties>
[...]
</properties>
  <testcase name="testPublishAndConsume" classname="com.cillu.mediator.integrationevents.rabbitmq.RabbitMqIT" time="3.211">
    <system-out><![CDATA[19:48:16.222 [main] INFO  org.reflections.Reflections - Reflections took 18 ms to scan 1 urls, producing 5 keys and 8 values
19:48:16.222 [main] INFO  c.c.m.m.IntegrationEventHandlersMapper - Registered handler class com.cillu.mediator.integrationevents.config.single.FakeIntegrationEventHandler for IntegrationEvent com.cillu.mediator.integrationevents.domain.FakeIntegrationEvent
19:48:16.222 [main] INFO  c.c.m.m.r.RabbitMQMessageBroker - Binding routingKey = com.cillu.mediator.integrationevents.domain.FakeIntegrationEvent on Queue microservice1 and Exchange platform_topic
19:48:16.224 [main] INFO  c.c.m.m.r.RabbitMQMessageBroker - Binding routingKey = com.cillu.mediator.integrationevents.domain.FakeIntegrationEvent on Queue microservice1.dlq and Exchange platform_topic.dlq
19:48:16.226 [main] INFO  c.c.m.m.r.RabbitMQMessageBroker - Creating ServiceBus Consumer
19:48:16.227 [main] INFO  c.c.m.m.r.RabbitMQMessageBroker - Created ServiceBus Consumer
19:48:16.227 [main] INFO  c.c.m.m.r.RabbitMQMessageBroker - Listening for IntegrationEvent on queue microservice1....
19:48:16.232 [main] INFO  com.cillu.mediator.MediatorK - >>> Publishing com.cillu.mediator.integrationevents.domain.FakeIntegrationEvent  [id:16fa9d91-25f0-49f8-b7f2-cacf7077eb12]
19:48:16.234 [main] INFO  com.cillu.mediator.MediatorK - <<< Published com.cillu.mediator.integrationevents.domain.FakeIntegrationEvent [id:16fa9d91-25f0-49f8-b7f2-cacf7077eb12]
19:48:16.239 [pool-3-thread-4] INFO  c.c.m.m.r.RabbitMQMessageBroker - Received com.cillu.mediator.integrationevents.domain.FakeIntegrationEvent with payload: {"idEvent":"16fa9d91-25f0-49f8-b7f2-cacf7077eb12"}
19:48:16.239 [pool-3-thread-4] INFO  com.cillu.mediator.MediatorK - >>> Invoking com.cillu.mediator.integrationevents.config.single.FakeIntegrationEventHandler for event com.cillu.mediator.integrationevents.domain.FakeIntegrationEvent [id:16fa9d91-25f0-49f8-b7f2-cacf7077eb12]
19:48:16.239 [pool-3-thread-4] INFO  c.c.m.i.c.s.FakeIntegrationEventHandler - Executing FakeIntegrationEvent
19:48:16.239 [pool-3-thread-4] INFO  c.c.m.i.c.s.FakeIntegrationEventHandler - Executed FakeIntegrationEvent
19:48:16.239 [pool-3-thread-4] INFO  com.cillu.mediator.MediatorK - <<< Invoked com.cillu.mediator.integrationevents.config.single.FakeIntegrationEventHandler for event com.cillu.mediator.integrationevents.domain.FakeIntegrationEvent [id:16fa9d91-25f0-49f8-b7f2-cacf7077eb12]
19:48:16.240 [pool-3-thread-4] INFO  c.c.m.m.r.RabbitMQMessageBroker - ACK sent for com.cillu.mediator.integrationevents.domain.FakeIntegrationEvent
1
]]></system-out>
  </testcase>
</testsuite>