<?xml version="1.0" encoding="UTF-8"?>
<testsuite xmlns:xsi="http://www.w3.org/2001/XMLSchema-instance" xsi:noNamespaceSchemaLocation="https://maven.apache.org/surefire/maven-failsafe-plugin/xsd/failsafe-test-report-3.0.xsd" version="3.0" name="com.cillu.mediator.integrationevents.awssns.AwsSnsIT" time="8.447" tests="1" errors="0" skipped="0" failures="0">
  <properties>
[...]
</properties>
  <testcase name="testPublishMultiple" classname="com.cillu.mediator.integrationevents.awssns.AwsSnsIT" time="8.434">
    <system-out><![CDATA[19:47:01.430 [main @coroutine#1] INFO  c.c.m.m.aws.AwsSnsMessageBroker - Creating Topic platform_topic on Region eu-west-1
19:47:02.037 [main @coroutine#1] INFO  c.c.m.m.aws.AwsSnsMessageBroker - Created Topic platform_topic on Region eu-west-1
19:47:02.037 [main @coroutine#1] INFO  c.c.m.m.aws.AwsSnsMessageBroker - Creating Queue microservice1 on Region eu-west-1
19:47:02.574 [main @coroutine#1] INFO  c.c.m.m.aws.AwsSnsMessageBroker - Created Queue microservice1 on Region eu-west-1
19:47:02.575 [main @coroutine#1] INFO  c.c.m.m.aws.AwsSnsMessageBroker - Creating DeadLetter Queue microservice1_dlq on Region eu-west-1
19:47:02.739 [main @coroutine#1] INFO  c.c.m.m.aws.AwsSnsMessageBroker - Created DeadLetter Queue microservice1_dlq on Region eu-west-1
19:47:02.739 [main @coroutine#1] INFO  c.c.m.m.aws.AwsSnsMessageBroker - Subscribing Queue microservice1 to the Topic arn:aws:sns:eu-west-1:217577495775:platform_topic
19:47:02.825 [main @coroutine#1] INFO  c.c.m.m.aws.AwsSnsMessageBroker - Subscribed Queue microservice1 to the Topic arn:aws:sns:eu-west-1:217577495775:platform_topic
19:47:02.826 [main @coroutine#1] INFO  c.c.m.m.aws.AwsSnsMessageBroker - Setting SQS Policies for Queue microservice1 and Topic arn:aws:sns:eu-west-1:217577495775:platform_topic
19:47:02.897 [main @coroutine#1] INFO  c.c.m.m.aws.AwsSnsMessageBroker - Set SQS Policies for Queue microservice1 and Topic arn:aws:sns:eu-west-1:217577495775:platform_topic
19:47:03.030 [main] INFO  org.reflections.Reflections - Reflections took 112 ms to scan 1 urls, producing 5 keys and 20 values
19:47:03.048 [main] INFO  c.c.m.m.IntegrationEventHandlersMapper - Registered handler class com.cillu.mediator.integrationevents.config.multiple.PippoIntegrationEventHandler for IntegrationEvent com.cillu.mediator.integrationevents.domain.PippoIntegrationEvent
19:47:03.049 [main] INFO  c.c.m.m.IntegrationEventHandlersMapper - Registered handler class com.cillu.mediator.integrationevents.config.multiple.PlutoIntegrationEventHandler for IntegrationEvent com.cillu.mediator.integrationevents.domain.PlutoIntegrationEvent
19:47:03.051 [main] INFO  c.c.m.m.IntegrationEventHandlersMapper - Registered handler class com.cillu.mediator.integrationevents.config.single.FakeIntegrationEventHandler for IntegrationEvent com.cillu.mediator.integrationevents.domain.FakeIntegrationEvent
19:47:03.051 [main] INFO  c.c.m.m.aws.AwsSnsMessageBroker - Launching messages Consumers for Queue https://sqs.eu-west-1.amazonaws.com/217577495775/microservice1
19:47:03.052 [pool-2-thread-2] INFO  c.c.m.m.aws.AwsSqsConsumer - Listening for IntegrationEvent on queue https://sqs.eu-west-1.amazonaws.com/217577495775/microservice1
19:47:03.052 [pool-2-thread-1] INFO  c.c.m.m.aws.AwsSqsConsumer - Listening for IntegrationEvent on queue https://sqs.eu-west-1.amazonaws.com/217577495775/microservice1
19:47:03.053 [pool-2-thread-3] INFO  c.c.m.m.aws.AwsSqsConsumer - Listening for IntegrationEvent on queue https://sqs.eu-west-1.amazonaws.com/217577495775/microservice1
19:47:03.053 [pool-2-thread-4] INFO  c.c.m.m.aws.AwsSqsConsumer - Listening for IntegrationEvent on queue https://sqs.eu-west-1.amazonaws.com/217577495775/microservice1
19:47:03.053 [main] INFO  c.c.m.m.aws.AwsSnsMessageBroker - Consumer Launched for Queue https://sqs.eu-west-1.amazonaws.com/217577495775/microservice1
19:47:03.053 [pool-2-thread-5] INFO  c.c.m.m.aws.AwsSqsConsumer - Listening for IntegrationEvent on queue https://sqs.eu-west-1.amazonaws.com/217577495775/microservice1
19:47:03.057 [main] INFO  com.cillu.mediator.MediatorK - >>> Publishing com.cillu.mediator.integrationevents.domain.FakeIntegrationEvent  [id:2ca183ce-60d2-47ad-80ca-5d88f17303fc]
19:47:03.058 [main @coroutine#16] INFO  c.c.m.m.aws.AwsSnsMessageBroker - Publishing  com.cillu.mediator.integrationevents.domain.FakeIntegrationEvent on platform_topic
19:47:03.190 [main @coroutine#16] INFO  c.c.m.m.aws.AwsSnsMessageBroker - Published  com.cillu.mediator.integrationevents.domain.FakeIntegrationEvent on platform_topic [messageId:3ff4db5d-295e-50f5-98a2-8715f139e98e]
19:47:03.191 [main] INFO  com.cillu.mediator.MediatorK - <<< Published com.cillu.mediator.integrationevents.domain.FakeIntegrationEvent [id:2ca183ce-60d2-47ad-80ca-5d88f17303fc]
19:47:03.191 [main] INFO  com.cillu.mediator.MediatorK - >>> Publishing com.cillu.mediator.integrationevents.domain.PippoIntegrationEvent  [id:583efa3a-5e6e-4d2a-9031-910c91404908]
19:47:03.191 [main @coroutine#17] INFO  c.c.m.m.aws.AwsSnsMessageBroker - Publishing  com.cillu.mediator.integrationevents.domain.PippoIntegrationEvent on platform_topic
19:47:03.255 [main @coroutine#17] INFO  c.c.m.m.aws.AwsSnsMessageBroker - Published  com.cillu.mediator.integrationevents.domain.PippoIntegrationEvent on platform_topic [messageId:da88ea88-b1a6-557f-80bc-b6c069c18c04]
19:47:03.256 [main] INFO  com.cillu.mediator.MediatorK - <<< Published com.cillu.mediator.integrationevents.domain.PippoIntegrationEvent [id:583efa3a-5e6e-4d2a-9031-910c91404908]
19:47:03.257 [main] INFO  com.cillu.mediator.MediatorK - >>> Publishing com.cillu.mediator.integrationevents.domain.FilteredIntegrationEvent  [id:d1dbdea4-f0c4-4fb3-8764-b538fc29d986]
19:47:03.257 [main @coroutine#19] INFO  c.c.m.m.aws.AwsSnsMessageBroker - Publishing  com.cillu.mediator.integrationevents.domain.FilteredIntegrationEvent on platform_topic
19:47:03.311 [main @coroutine#19] INFO  c.c.m.m.aws.AwsSnsMessageBroker - Published  com.cillu.mediator.integrationevents.domain.FilteredIntegrationEvent on platform_topic [messageId:916ee24d-1166-5b67-b73b-be05c901021c]
19:47:03.311 [main] INFO  com.cillu.mediator.MediatorK - <<< Published com.cillu.mediator.integrationevents.domain.FilteredIntegrationEvent [id:d1dbdea4-f0c4-4fb3-8764-b538fc29d986]
19:47:03.312 [main] INFO  com.cillu.mediator.MediatorK - >>> Publishing com.cillu.mediator.integrationevents.domain.PlutoIntegrationEvent  [id:abad7dfb-28c8-4a93-a794-7a66451b5839]
19:47:03.312 [main @coroutine#20] INFO  c.c.m.m.aws.AwsSnsMessageBroker - Publishing  com.cillu.mediator.integrationevents.domain.PlutoIntegrationEvent on platform_topic
19:47:03.335 [pool-2-thread-4 @coroutine#14] INFO  c.c.m.m.aws.AwsSqsConsumer - Received com.cillu.mediator.integrationevents.domain.FakeIntegrationEvent [messageId=aca08e59-e935-4430-b997-f61d0130cceb]
19:47:03.335 [pool-2-thread-4 @coroutine#14] INFO  c.c.m.m.aws.AwsSqsConsumer - Consuming com.cillu.mediator.integrationevents.domain.FakeIntegrationEvent [messageId=aca08e59-e935-4430-b997-f61d0130cceb]
19:47:03.335 [pool-2-thread-4 @coroutine#14] INFO  c.c.m.m.aws.AwsSqsConsumer - Processing com.cillu.mediator.integrationevents.domain.FakeIntegrationEvent
19:47:03.336 [pool-2-thread-4 @coroutine#14] INFO  com.cillu.mediator.MediatorK - >>> Invoking com.cillu.mediator.integrationevents.config.single.FakeIntegrationEventHandler for event com.cillu.mediator.integrationevents.domain.FakeIntegrationEvent [id:2ca183ce-60d2-47ad-80ca-5d88f17303fc]
19:47:03.336 [pool-2-thread-4 @coroutine#14] INFO  c.c.m.i.c.s.FakeIntegrationEventHandler - Executing FakeIntegrationEvent
19:47:03.336 [pool-2-thread-4 @coroutine#14] INFO  c.c.m.i.c.s.FakeIntegrationEventHandler - Executed FakeIntegrationEvent
19:47:03.337 [pool-2-thread-4 @coroutine#14] INFO  com.cillu.mediator.MediatorK - <<< Invoked com.cillu.mediator.integrationevents.config.single.FakeIntegrationEventHandler for event com.cillu.mediator.integrationevents.domain.FakeIntegrationEvent [id:2ca183ce-60d2-47ad-80ca-5d88f17303fc]
19:47:03.337 [pool-2-thread-4 @coroutine#14] INFO  c.c.m.m.aws.AwsSqsConsumer - Processed com.cillu.mediator.integrationevents.domain.FakeIntegrationEvent
19:47:03.337 [pool-2-thread-4 @coroutine#14] INFO  c.c.m.m.aws.AwsSqsConsumer - Consumed com.cillu.mediator.integrationevents.domain.FakeIntegrationEvent [messageId=aca08e59-e935-4430-b997-f61d0130cceb]
19:47:03.338 [pool-2-thread-4 @coroutine#21] INFO  c.c.m.m.aws.AwsSqsConsumer - Deleting Message [messageId=aca08e59-e935-4430-b997-f61d0130cceb]
19:47:03.349 [pool-2-thread-3 @coroutine#15] INFO  c.c.m.m.aws.AwsSqsConsumer - Received com.cillu.mediator.integrationevents.domain.FilteredIntegrationEvent [messageId=d89db153-7b09-4f56-80f9-3e576cf53e1f]
19:47:03.349 [pool-2-thread-3 @coroutine#15] INFO  c.c.m.m.aws.AwsSqsConsumer - Consuming com.cillu.mediator.integrationevents.domain.FilteredIntegrationEvent [messageId=d89db153-7b09-4f56-80f9-3e576cf53e1f]
19:47:03.349 [pool-2-thread-3 @coroutine#15] INFO  c.c.m.m.aws.AwsSqsConsumer - Processing com.cillu.mediator.integrationevents.domain.FilteredIntegrationEvent
19:47:03.350 [pool-2-thread-3 @coroutine#15] INFO  c.c.m.m.aws.AwsSqsConsumer - Discarding event com.cillu.mediator.integrationevents.domain.FilteredIntegrationEvent:d89db153-7b09-4f56-80f9-3e576cf53e1f: com.cillu.mediator.exceptions.IntegrationEventHandlerNotFoundException: No IntegrationEventHandler found for the Integration Event com.cillu.mediator.integrationevents.domain.FilteredIntegrationEvent
19:47:03.350 [pool-2-thread-3 @coroutine#22] INFO  c.c.m.m.aws.AwsSqsConsumer - Deleting Message [messageId=d89db153-7b09-4f56-80f9-3e576cf53e1f]
19:47:03.372 [main @coroutine#20] INFO  c.c.m.m.aws.AwsSnsMessageBroker - Published  com.cillu.mediator.integrationevents.domain.PlutoIntegrationEvent on platform_topic [messageId:bf7af2fc-cff3-5740-8518-aeb417945e3b]
19:47:03.372 [main] INFO  com.cillu.mediator.MediatorK - <<< Published com.cillu.mediator.integrationevents.domain.PlutoIntegrationEvent [id:abad7dfb-28c8-4a93-a794-7a66451b5839]
19:47:03.372 [main] INFO  com.cillu.mediator.MediatorK - >>> Publishing com.cillu.mediator.integrationevents.domain.FakeIntegrationEvent  [id:a17c7135-181e-4a39-9e60-5d3e3cc7aa76]
19:47:03.372 [main @coroutine#23] INFO  c.c.m.m.aws.AwsSnsMessageBroker - Publishing  com.cillu.mediator.integrationevents.domain.FakeIntegrationEvent on platform_topic
19:47:03.396 [pool-2-thread-4 @coroutine#21] INFO  c.c.m.m.aws.AwsSqsConsumer - Deleted Message [messageId=aca08e59-e935-4430-b997-f61d0130cceb]
19:47:03.397 [pool-2-thread-4 @coroutine#14] INFO  c.c.m.m.aws.AwsSqsConsumer - Received com.cillu.mediator.integrationevents.domain.PippoIntegrationEvent [messageId=ba1a05a3-703d-42e7-88c3-d6823653b328]
19:47:03.397 [pool-2-thread-4 @coroutine#14] INFO  c.c.m.m.aws.AwsSqsConsumer - Consuming com.cillu.mediator.integrationevents.domain.PippoIntegrationEvent [messageId=ba1a05a3-703d-42e7-88c3-d6823653b328]
19:47:03.397 [pool-2-thread-4 @coroutine#14] INFO  c.c.m.m.aws.AwsSqsConsumer - Processing com.cillu.mediator.integrationevents.domain.PippoIntegrationEvent
19:47:03.397 [pool-2-thread-4 @coroutine#14] INFO  com.cillu.mediator.MediatorK - >>> Invoking com.cillu.mediator.integrationevents.config.multiple.PippoIntegrationEventHandler for event com.cillu.mediator.integrationevents.domain.PippoIntegrationEvent [id:583efa3a-5e6e-4d2a-9031-910c91404908]
19:47:03.397 [pool-2-thread-4 @coroutine#14] INFO  c.c.m.i.c.m.PippoIntegrationEventHandler - Executing PippoIntegrationEvent
19:47:03.397 [pool-2-thread-4 @coroutine#14] INFO  c.c.m.i.c.m.PippoIntegrationEventHandler - Executed PippoIntegrationEvent
19:47:03.397 [pool-2-thread-4 @coroutine#14] INFO  com.cillu.mediator.MediatorK - <<< Invoked com.cillu.mediator.integrationevents.config.multiple.PippoIntegrationEventHandler for event com.cillu.mediator.integrationevents.domain.PippoIntegrationEvent [id:583efa3a-5e6e-4d2a-9031-910c91404908]
19:47:03.397 [pool-2-thread-4 @coroutine#14] INFO  c.c.m.m.aws.AwsSqsConsumer - Processed com.cillu.mediator.integrationevents.domain.PippoIntegrationEvent
19:47:03.398 [pool-2-thread-4 @coroutine#14] INFO  c.c.m.m.aws.AwsSqsConsumer - Consumed com.cillu.mediator.integrationevents.domain.PippoIntegrationEvent [messageId=ba1a05a3-703d-42e7-88c3-d6823653b328]
19:47:03.398 [pool-2-thread-4 @coroutine#27] INFO  c.c.m.m.aws.AwsSqsConsumer - Deleting Message [messageId=ba1a05a3-703d-42e7-88c3-d6823653b328]
19:47:03.403 [pool-2-thread-3 @coroutine#22] INFO  c.c.m.m.aws.AwsSqsConsumer - Deleted Message [messageId=d89db153-7b09-4f56-80f9-3e576cf53e1f]
19:47:03.429 [main @coroutine#23] INFO  c.c.m.m.aws.AwsSnsMessageBroker - Published  com.cillu.mediator.integrationevents.domain.FakeIntegrationEvent on platform_topic [messageId:028ea388-66e0-5104-ad3a-ffc0be87187f]
19:47:03.429 [main] INFO  com.cillu.mediator.MediatorK - <<< Published com.cillu.mediator.integrationevents.domain.FakeIntegrationEvent [id:a17c7135-181e-4a39-9e60-5d3e3cc7aa76]
19:47:03.429 [main] INFO  com.cillu.mediator.MediatorK - >>> Publishing com.cillu.mediator.integrationevents.domain.PippoIntegrationEvent  [id:68a6635c-8632-4d77-a20a-d3f32bdcc95b]
19:47:03.429 [main @coroutine#29] INFO  c.c.m.m.aws.AwsSnsMessageBroker - Publishing  com.cillu.mediator.integrationevents.domain.PippoIntegrationEvent on platform_topic
19:47:03.447 [pool-2-thread-4 @coroutine#27] INFO  c.c.m.m.aws.AwsSqsConsumer - Deleted Message [messageId=ba1a05a3-703d-42e7-88c3-d6823653b328]
19:47:03.462 [pool-2-thread-3 @coroutine#28] INFO  c.c.m.m.aws.AwsSqsConsumer - Received com.cillu.mediator.integrationevents.domain.PlutoIntegrationEvent [messageId=5357de06-565d-4662-90cf-281e3ba64495]
19:47:03.463 [pool-2-thread-3 @coroutine#28] INFO  c.c.m.m.aws.AwsSqsConsumer - Consuming com.cillu.mediator.integrationevents.domain.PlutoIntegrationEvent [messageId=5357de06-565d-4662-90cf-281e3ba64495]
19:47:03.463 [pool-2-thread-3 @coroutine#28] INFO  c.c.m.m.aws.AwsSqsConsumer - Processing com.cillu.mediator.integrationevents.domain.PlutoIntegrationEvent
19:47:03.463 [pool-2-thread-3 @coroutine#28] INFO  com.cillu.mediator.MediatorK - >>> Invoking com.cillu.mediator.integrationevents.config.multiple.PlutoIntegrationEventHandler for event com.cillu.mediator.integrationevents.domain.PlutoIntegrationEvent [id:abad7dfb-28c8-4a93-a794-7a66451b5839]
19:47:03.463 [pool-2-thread-3 @coroutine#28] INFO  c.c.m.i.c.m.PlutoIntegrationEventHandler - Executing PlutoIntegrationEvent
19:47:03.463 [pool-2-thread-3 @coroutine#28] INFO  c.c.m.i.c.m.PlutoIntegrationEventHandler - Executed PlutoIntegrationEvent
19:47:03.463 [pool-2-thread-3 @coroutine#28] INFO  com.cillu.mediator.MediatorK - <<< Invoked com.cillu.mediator.integrationevents.config.multiple.PlutoIntegrationEventHandler for event com.cillu.mediator.integrationevents.domain.PlutoIntegrationEvent [id:abad7dfb-28c8-4a93-a794-7a66451b5839]
19:47:03.463 [pool-2-thread-3 @coroutine#28] INFO  c.c.m.m.aws.AwsSqsConsumer - Processed com.cillu.mediator.integrationevents.domain.PlutoIntegrationEvent
19:47:03.463 [pool-2-thread-3 @coroutine#28] INFO  c.c.m.m.aws.AwsSqsConsumer - Consumed com.cillu.mediator.integrationevents.domain.PlutoIntegrationEvent [messageId=5357de06-565d-4662-90cf-281e3ba64495]
19:47:03.464 [pool-2-thread-3 @coroutine#31] INFO  c.c.m.m.aws.AwsSqsConsumer - Deleting Message [messageId=5357de06-565d-4662-90cf-281e3ba64495]
19:47:03.488 [main @coroutine#29] INFO  c.c.m.m.aws.AwsSnsMessageBroker - Published  com.cillu.mediator.integrationevents.domain.PippoIntegrationEvent on platform_topic [messageId:25ddd637-8643-5b5c-8add-8a7f5e244227]
19:47:03.488 [main] INFO  com.cillu.mediator.MediatorK - <<< Published com.cillu.mediator.integrationevents.domain.PippoIntegrationEvent [id:68a6635c-8632-4d77-a20a-d3f32bdcc95b]
19:47:03.488 [main] INFO  com.cillu.mediator.MediatorK - >>> Publishing com.cillu.mediator.integrationevents.domain.FilteredIntegrationEvent  [id:f2153a23-bdf5-46ac-b4c8-133aa8f14269]
19:47:03.488 [main @coroutine#35] INFO  c.c.m.m.aws.AwsSnsMessageBroker - Publishing  com.cillu.mediator.integrationevents.domain.FilteredIntegrationEvent on platform_topic
19:47:03.507 [pool-2-thread-4 @coroutine#30] INFO  c.c.m.m.aws.AwsSqsConsumer - Received com.cillu.mediator.integrationevents.domain.FakeIntegrationEvent [messageId=aac55888-2cfc-46ea-949a-1b69438ca184]
19:47:03.507 [pool-2-thread-4 @coroutine#30] INFO  c.c.m.m.aws.AwsSqsConsumer - Consuming com.cillu.mediator.integrationevents.domain.FakeIntegrationEvent [messageId=aac55888-2cfc-46ea-949a-1b69438ca184]
19:47:03.507 [pool-2-thread-4 @coroutine#30] INFO  c.c.m.m.aws.AwsSqsConsumer - Processing com.cillu.mediator.integrationevents.domain.FakeIntegrationEvent
19:47:03.507 [pool-2-thread-4 @coroutine#30] INFO  com.cillu.mediator.MediatorK - >>> Invoking com.cillu.mediator.integrationevents.config.single.FakeIntegrationEventHandler for event com.cillu.mediator.integrationevents.domain.FakeIntegrationEvent [id:a17c7135-181e-4a39-9e60-5d3e3cc7aa76]
19:47:03.507 [pool-2-thread-4 @coroutine#30] INFO  c.c.m.i.c.s.FakeIntegrationEventHandler - Executing FakeIntegrationEvent
19:47:03.507 [pool-2-thread-4 @coroutine#30] INFO  c.c.m.i.c.s.FakeIntegrationEventHandler - Executed FakeIntegrationEvent
19:47:03.507 [pool-2-thread-4 @coroutine#30] INFO  com.cillu.mediator.MediatorK - <<< Invoked com.cillu.mediator.integrationevents.config.single.FakeIntegrationEventHandler for event com.cillu.mediator.integrationevents.domain.FakeIntegrationEvent [id:a17c7135-181e-4a39-9e60-5d3e3cc7aa76]
19:47:03.508 [pool-2-thread-4 @coroutine#30] INFO  c.c.m.m.aws.AwsSqsConsumer - Processed com.cillu.mediator.integrationevents.domain.FakeIntegrationEvent
19:47:03.508 [pool-2-thread-4 @coroutine#30] INFO  c.c.m.m.aws.AwsSqsConsumer - Consumed com.cillu.mediator.integrationevents.domain.FakeIntegrationEvent [messageId=aac55888-2cfc-46ea-949a-1b69438ca184]
19:47:03.508 [pool-2-thread-4 @coroutine#36] INFO  c.c.m.m.aws.AwsSqsConsumer - Deleting Message [messageId=aac55888-2cfc-46ea-949a-1b69438ca184]
19:47:03.521 [pool-2-thread-3 @coroutine#31] INFO  c.c.m.m.aws.AwsSqsConsumer - Deleted Message [messageId=5357de06-565d-4662-90cf-281e3ba64495]
19:47:03.545 [main @coroutine#35] INFO  c.c.m.m.aws.AwsSnsMessageBroker - Published  com.cillu.mediator.integrationevents.domain.FilteredIntegrationEvent on platform_topic [messageId:10c82738-7479-576b-b54e-7b70ac1e6e10]
19:47:03.545 [main] INFO  com.cillu.mediator.MediatorK - <<< Published com.cillu.mediator.integrationevents.domain.FilteredIntegrationEvent [id:f2153a23-bdf5-46ac-b4c8-133aa8f14269]
19:47:03.545 [main] INFO  com.cillu.mediator.MediatorK - >>> Publishing com.cillu.mediator.integrationevents.domain.PlutoIntegrationEvent  [id:c3adecaa-9393-47a2-935f-28029897c537]
19:47:03.545 [main @coroutine#38] INFO  c.c.m.m.aws.AwsSnsMessageBroker - Publishing  com.cillu.mediator.integrationevents.domain.PlutoIntegrationEvent on platform_topic
19:47:03.561 [pool-2-thread-4 @coroutine#36] INFO  c.c.m.m.aws.AwsSqsConsumer - Deleted Message [messageId=aac55888-2cfc-46ea-949a-1b69438ca184]
19:47:03.589 [pool-2-thread-3 @coroutine#37] INFO  c.c.m.m.aws.AwsSqsConsumer - Received com.cillu.mediator.integrationevents.domain.PippoIntegrationEvent [messageId=ab274337-cba1-4842-80eb-a5b69a1cf762]
19:47:03.589 [pool-2-thread-3 @coroutine#37] INFO  c.c.m.m.aws.AwsSqsConsumer - Consuming com.cillu.mediator.integrationevents.domain.PippoIntegrationEvent [messageId=ab274337-cba1-4842-80eb-a5b69a1cf762]
19:47:03.589 [pool-2-thread-3 @coroutine#37] INFO  c.c.m.m.aws.AwsSqsConsumer - Processing com.cillu.mediator.integrationevents.domain.PippoIntegrationEvent
19:47:03.589 [pool-2-thread-3 @coroutine#37] INFO  com.cillu.mediator.MediatorK - >>> Invoking com.cillu.mediator.integrationevents.config.multiple.PippoIntegrationEventHandler for event com.cillu.mediator.integrationevents.domain.PippoIntegrationEvent [id:68a6635c-8632-4d77-a20a-d3f32bdcc95b]
19:47:03.589 [pool-2-thread-3 @coroutine#37] INFO  c.c.m.i.c.m.PippoIntegrationEventHandler - Executing PippoIntegrationEvent
19:47:03.589 [pool-2-thread-3 @coroutine#37] INFO  c.c.m.i.c.m.PippoIntegrationEventHandler - Executed PippoIntegrationEvent
19:47:03.590 [pool-2-thread-3 @coroutine#37] INFO  com.cillu.mediator.MediatorK - <<< Invoked com.cillu.mediator.integrationevents.config.multiple.PippoIntegrationEventHandler for event com.cillu.mediator.integrationevents.domain.PippoIntegrationEvent [id:68a6635c-8632-4d77-a20a-d3f32bdcc95b]
19:47:03.590 [pool-2-thread-3 @coroutine#37] INFO  c.c.m.m.aws.AwsSqsConsumer - Processed com.cillu.mediator.integrationevents.domain.PippoIntegrationEvent
19:47:03.590 [pool-2-thread-3 @coroutine#37] INFO  c.c.m.m.aws.AwsSqsConsumer - Consumed com.cillu.mediator.integrationevents.domain.PippoIntegrationEvent [messageId=ab274337-cba1-4842-80eb-a5b69a1cf762]
19:47:03.590 [pool-2-thread-3 @coroutine#42] INFO  c.c.m.m.aws.AwsSqsConsumer - Deleting Message [messageId=ab274337-cba1-4842-80eb-a5b69a1cf762]
19:47:03.601 [main @coroutine#38] INFO  c.c.m.m.aws.AwsSnsMessageBroker - Published  com.cillu.mediator.integrationevents.domain.PlutoIntegrationEvent on platform_topic [messageId:86b6bc42-1623-5866-add7-e00ace44411d]
19:47:03.602 [main] INFO  com.cillu.mediator.MediatorK - <<< Published com.cillu.mediator.integrationevents.domain.PlutoIntegrationEvent [id:c3adecaa-9393-47a2-935f-28029897c537]
19:47:03.602 [main] INFO  com.cillu.mediator.MediatorK - >>> Publishing com.cillu.mediator.integrationevents.domain.FakeIntegrationEvent  [id:ab5526ae-f120-47de-945b-543e2749ae6c]
19:47:03.602 [main @coroutine#43] INFO  c.c.m.m.aws.AwsSnsMessageBroker - Publishing  com.cillu.mediator.integrationevents.domain.FakeIntegrationEvent on platform_topic
19:47:03.620 [pool-2-thread-4 @coroutine#39] INFO  c.c.m.m.aws.AwsSqsConsumer - Received com.cillu.mediator.integrationevents.domain.FilteredIntegrationEvent [messageId=0e968fbf-0d88-45dd-9ad8-4f7d0d7b675c]
19:47:03.620 [pool-2-thread-4 @coroutine#39] INFO  c.c.m.m.aws.AwsSqsConsumer - Consuming com.cillu.mediator.integrationevents.domain.FilteredIntegrationEvent [messageId=0e968fbf-0d88-45dd-9ad8-4f7d0d7b675c]
19:47:03.620 [pool-2-thread-4 @coroutine#39] INFO  c.c.m.m.aws.AwsSqsConsumer - Processing com.cillu.mediator.integrationevents.domain.FilteredIntegrationEvent
19:47:03.620 [pool-2-thread-4 @coroutine#39] INFO  c.c.m.m.aws.AwsSqsConsumer - Discarding event com.cillu.mediator.integrationevents.domain.FilteredIntegrationEvent:0e968fbf-0d88-45dd-9ad8-4f7d0d7b675c: com.cillu.mediator.exceptions.IntegrationEventHandlerNotFoundException: No IntegrationEventHandler found for the Integration Event com.cillu.mediator.integrationevents.domain.FilteredIntegrationEvent
19:47:03.621 [pool-2-thread-4 @coroutine#44] INFO  c.c.m.m.aws.AwsSqsConsumer - Deleting Message [messageId=0e968fbf-0d88-45dd-9ad8-4f7d0d7b675c]
19:47:03.647 [pool-2-thread-3 @coroutine#42] INFO  c.c.m.m.aws.AwsSqsConsumer - Deleted Message [messageId=ab274337-cba1-4842-80eb-a5b69a1cf762]
19:47:03.658 [main @coroutine#43] INFO  c.c.m.m.aws.AwsSnsMessageBroker - Published  com.cillu.mediator.integrationevents.domain.FakeIntegrationEvent on platform_topic [messageId:efe20ae8-8a2e-535b-a006-56a05249da20]
19:47:03.658 [main] INFO  com.cillu.mediator.MediatorK - <<< Published com.cillu.mediator.integrationevents.domain.FakeIntegrationEvent [id:ab5526ae-f120-47de-945b-543e2749ae6c]
19:47:03.659 [main] INFO  com.cillu.mediator.MediatorK - >>> Publishing com.cillu.mediator.integrationevents.domain.PippoIntegrationEvent  [id:26392890-d67a-41ec-8b3c-455654da3650]
19:47:03.659 [main @coroutine#47] INFO  c.c.m.m.aws.AwsSnsMessageBroker - Publishing  com.cillu.mediator.integrationevents.domain.PippoIntegrationEvent on platform_topic
19:47:03.673 [pool-2-thread-4 @coroutine#44] INFO  c.c.m.m.aws.AwsSqsConsumer - Deleted Message [messageId=0e968fbf-0d88-45dd-9ad8-4f7d0d7b675c]
19:47:03.706 [pool-2-thread-3 @coroutine#46] INFO  c.c.m.m.aws.AwsSqsConsumer - Received com.cillu.mediator.integrationevents.domain.FakeIntegrationEvent [messageId=729d714c-9cc0-43a3-91e0-5130ae6b4231]
19:47:03.706 [pool-2-thread-3 @coroutine#46] INFO  c.c.m.m.aws.AwsSqsConsumer - Consuming com.cillu.mediator.integrationevents.domain.FakeIntegrationEvent [messageId=729d714c-9cc0-43a3-91e0-5130ae6b4231]
19:47:03.706 [pool-2-thread-3 @coroutine#46] INFO  c.c.m.m.aws.AwsSqsConsumer - Processing com.cillu.mediator.integrationevents.domain.FakeIntegrationEvent
19:47:03.707 [pool-2-thread-3 @coroutine#46] INFO  com.cillu.mediator.MediatorK - >>> Invoking com.cillu.mediator.integrationevents.config.single.FakeIntegrationEventHandler for event com.cillu.mediator.integrationevents.domain.FakeIntegrationEvent [id:ab5526ae-f120-47de-945b-543e2749ae6c]
19:47:03.707 [pool-2-thread-3 @coroutine#46] INFO  c.c.m.i.c.s.FakeIntegrationEventHandler - Executing FakeIntegrationEvent
19:47:03.707 [pool-2-thread-3 @coroutine#46] INFO  c.c.m.i.c.s.FakeIntegrationEventHandler - Executed FakeIntegrationEvent
19:47:03.707 [pool-2-thread-3 @coroutine#46] INFO  com.cillu.mediator.MediatorK - <<< Invoked com.cillu.mediator.integrationevents.config.single.FakeIntegrationEventHandler for event com.cillu.mediator.integrationevents.domain.FakeIntegrationEvent [id:ab5526ae-f120-47de-945b-543e2749ae6c]
19:47:03.707 [pool-2-thread-3 @coroutine#46] INFO  c.c.m.m.aws.AwsSqsConsumer - Processed com.cillu.mediator.integrationevents.domain.FakeIntegrationEvent
19:47:03.707 [pool-2-thread-3 @coroutine#46] INFO  c.c.m.m.aws.AwsSqsConsumer - Consumed com.cillu.mediator.integrationevents.domain.FakeIntegrationEvent [messageId=729d714c-9cc0-43a3-91e0-5130ae6b4231]
19:47:03.707 [pool-2-thread-3 @coroutine#51] INFO  c.c.m.m.aws.AwsSqsConsumer - Deleting Message [messageId=729d714c-9cc0-43a3-91e0-5130ae6b4231]
19:47:03.716 [main @coroutine#47] INFO  c.c.m.m.aws.AwsSnsMessageBroker - Published  com.cillu.mediator.integrationevents.domain.PippoIntegrationEvent on platform_topic [messageId:058e1f6a-7778-548c-ba56-4322af1fbdf7]
19:47:03.716 [main] INFO  com.cillu.mediator.MediatorK - <<< Published com.cillu.mediator.integrationevents.domain.PippoIntegrationEvent [id:26392890-d67a-41ec-8b3c-455654da3650]
19:47:03.716 [main] INFO  com.cillu.mediator.MediatorK - >>> Publishing com.cillu.mediator.integrationevents.domain.FilteredIntegrationEvent  [id:032aa574-2595-4bc0-9b29-3de09e1aa2ee]
19:47:03.717 [main @coroutine#52] INFO  c.c.m.m.aws.AwsSnsMessageBroker - Publishing  com.cillu.mediator.integrationevents.domain.FilteredIntegrationEvent on platform_topic
19:47:03.732 [pool-2-thread-4 @coroutine#48] INFO  c.c.m.m.aws.AwsSqsConsumer - Received com.cillu.mediator.integrationevents.domain.PlutoIntegrationEvent [messageId=7bd9fdbd-9eb1-4603-b5e8-ff5b5740b345]
19:47:03.732 [pool-2-thread-4 @coroutine#48] INFO  c.c.m.m.aws.AwsSqsConsumer - Consuming com.cillu.mediator.integrationevents.domain.PlutoIntegrationEvent [messageId=7bd9fdbd-9eb1-4603-b5e8-ff5b5740b345]
19:47:03.732 [pool-2-thread-4 @coroutine#48] INFO  c.c.m.m.aws.AwsSqsConsumer - Processing com.cillu.mediator.integrationevents.domain.PlutoIntegrationEvent
19:47:03.732 [pool-2-thread-4 @coroutine#48] INFO  com.cillu.mediator.MediatorK - >>> Invoking com.cillu.mediator.integrationevents.config.multiple.PlutoIntegrationEventHandler for event com.cillu.mediator.integrationevents.domain.PlutoIntegrationEvent [id:c3adecaa-9393-47a2-935f-28029897c537]
19:47:03.732 [pool-2-thread-4 @coroutine#48] INFO  c.c.m.i.c.m.PlutoIntegrationEventHandler - Executing PlutoIntegrationEvent
19:47:03.732 [pool-2-thread-4 @coroutine#48] INFO  c.c.m.i.c.m.PlutoIntegrationEventHandler - Executed PlutoIntegrationEvent
19:47:03.732 [pool-2-thread-4 @coroutine#48] INFO  com.cillu.mediator.MediatorK - <<< Invoked com.cillu.mediator.integrationevents.config.multiple.PlutoIntegrationEventHandler for event com.cillu.mediator.integrationevents.domain.PlutoIntegrationEvent [id:c3adecaa-9393-47a2-935f-28029897c537]
19:47:03.732 [pool-2-thread-4 @coroutine#48] INFO  c.c.m.m.aws.AwsSqsConsumer - Processed com.cillu.mediator.integrationevents.domain.PlutoIntegrationEvent
19:47:03.732 [pool-2-thread-4 @coroutine#48] INFO  c.c.m.m.aws.AwsSqsConsumer - Consumed com.cillu.mediator.integrationevents.domain.PlutoIntegrationEvent [messageId=7bd9fdbd-9eb1-4603-b5e8-ff5b5740b345]
19:47:03.733 [pool-2-thread-4 @coroutine#54] INFO  c.c.m.m.aws.AwsSqsConsumer - Deleting Message [messageId=7bd9fdbd-9eb1-4603-b5e8-ff5b5740b345]
19:47:03.740 [pool-2-thread-1 @coroutine#50] INFO  c.c.m.m.aws.AwsSqsConsumer - Received com.cillu.mediator.integrationevents.domain.PippoIntegrationEvent [messageId=4b956d24-072b-4b4b-9b2b-a630f877bea0]
19:47:03.741 [pool-2-thread-1 @coroutine#50] INFO  c.c.m.m.aws.AwsSqsConsumer - Consuming com.cillu.mediator.integrationevents.domain.PippoIntegrationEvent [messageId=4b956d24-072b-4b4b-9b2b-a630f877bea0]
19:47:03.741 [pool-2-thread-1 @coroutine#50] INFO  c.c.m.m.aws.AwsSqsConsumer - Processing com.cillu.mediator.integrationevents.domain.PippoIntegrationEvent
19:47:03.741 [pool-2-thread-1 @coroutine#50] INFO  com.cillu.mediator.MediatorK - >>> Invoking com.cillu.mediator.integrationevents.config.multiple.PippoIntegrationEventHandler for event com.cillu.mediator.integrationevents.domain.PippoIntegrationEvent [id:26392890-d67a-41ec-8b3c-455654da3650]
19:47:03.741 [pool-2-thread-1 @coroutine#50] INFO  c.c.m.i.c.m.PippoIntegrationEventHandler - Executing PippoIntegrationEvent
19:47:03.741 [pool-2-thread-1 @coroutine#50] INFO  c.c.m.i.c.m.PippoIntegrationEventHandler - Executed PippoIntegrationEvent
19:47:03.741 [pool-2-thread-1 @coroutine#50] INFO  com.cillu.mediator.MediatorK - <<< Invoked com.cillu.mediator.integrationevents.config.multiple.PippoIntegrationEventHandler for event com.cillu.mediator.integrationevents.domain.PippoIntegrationEvent [id:26392890-d67a-41ec-8b3c-455654da3650]
19:47:03.741 [pool-2-thread-1 @coroutine#50] INFO  c.c.m.m.aws.AwsSqsConsumer - Processed com.cillu.mediator.integrationevents.domain.PippoIntegrationEvent
19:47:03.741 [pool-2-thread-1 @coroutine#50] INFO  c.c.m.m.aws.AwsSqsConsumer - Consumed com.cillu.mediator.integrationevents.domain.PippoIntegrationEvent [messageId=4b956d24-072b-4b4b-9b2b-a630f877bea0]
19:47:03.741 [pool-2-thread-1 @coroutine#55] INFO  c.c.m.m.aws.AwsSqsConsumer - Deleting Message [messageId=4b956d24-072b-4b4b-9b2b-a630f877bea0]
19:47:03.762 [pool-2-thread-3 @coroutine#51] INFO  c.c.m.m.aws.AwsSqsConsumer - Deleted Message [messageId=729d714c-9cc0-43a3-91e0-5130ae6b4231]
19:47:03.776 [main @coroutine#52] INFO  c.c.m.m.aws.AwsSnsMessageBroker - Published  com.cillu.mediator.integrationevents.domain.FilteredIntegrationEvent on platform_topic [messageId:b7dd0905-e39f-5a0c-9c53-554d3bf8a377]
19:47:03.777 [main] INFO  com.cillu.mediator.MediatorK - <<< Published com.cillu.mediator.integrationevents.domain.FilteredIntegrationEvent [id:032aa574-2595-4bc0-9b29-3de09e1aa2ee]
19:47:03.777 [main] INFO  com.cillu.mediator.MediatorK - >>> Publishing com.cillu.mediator.integrationevents.domain.PlutoIntegrationEvent  [id:ce63c316-110a-46af-a689-196b3fe0c492]
19:47:03.777 [main @coroutine#57] INFO  c.c.m.m.aws.AwsSnsMessageBroker - Publishing  com.cillu.mediator.integrationevents.domain.PlutoIntegrationEvent on platform_topic
19:47:03.784 [pool-2-thread-4 @coroutine#54] INFO  c.c.m.m.aws.AwsSqsConsumer - Deleted Message [messageId=7bd9fdbd-9eb1-4603-b5e8-ff5b5740b345]
19:47:03.799 [pool-2-thread-1 @coroutine#55] INFO  c.c.m.m.aws.AwsSqsConsumer - Deleted Message [messageId=4b956d24-072b-4b4b-9b2b-a630f877bea0]
19:47:03.818 [pool-2-thread-3 @coroutine#56] INFO  c.c.m.m.aws.AwsSqsConsumer - Received com.cillu.mediator.integrationevents.domain.FilteredIntegrationEvent [messageId=13825f0a-5030-4f80-9b4b-f5bd178a0dc1]
19:47:03.818 [pool-2-thread-3 @coroutine#56] INFO  c.c.m.m.aws.AwsSqsConsumer - Consuming com.cillu.mediator.integrationevents.domain.FilteredIntegrationEvent [messageId=13825f0a-5030-4f80-9b4b-f5bd178a0dc1]
19:47:03.818 [pool-2-thread-3 @coroutine#56] INFO  c.c.m.m.aws.AwsSqsConsumer - Processing com.cillu.mediator.integrationevents.domain.FilteredIntegrationEvent
19:47:03.818 [pool-2-thread-3 @coroutine#56] INFO  c.c.m.m.aws.AwsSqsConsumer - Discarding event com.cillu.mediator.integrationevents.domain.FilteredIntegrationEvent:13825f0a-5030-4f80-9b4b-f5bd178a0dc1: com.cillu.mediator.exceptions.IntegrationEventHandlerNotFoundException: No IntegrationEventHandler found for the Integration Event com.cillu.mediator.integrationevents.domain.FilteredIntegrationEvent
19:47:03.819 [pool-2-thread-3 @coroutine#61] INFO  c.c.m.m.aws.AwsSqsConsumer - Deleting Message [messageId=13825f0a-5030-4f80-9b4b-f5bd178a0dc1]
19:47:03.833 [main @coroutine#57] INFO  c.c.m.m.aws.AwsSnsMessageBroker - Published  com.cillu.mediator.integrationevents.domain.PlutoIntegrationEvent on platform_topic [messageId:d984ac36-72c9-5053-9ae5-f07eaaae8928]
19:47:03.833 [main] INFO  com.cillu.mediator.MediatorK - <<< Published com.cillu.mediator.integrationevents.domain.PlutoIntegrationEvent [id:ce63c316-110a-46af-a689-196b3fe0c492]
19:47:03.860 [pool-2-thread-1 @coroutine#60] INFO  c.c.m.m.aws.AwsSqsConsumer - Received com.cillu.mediator.integrationevents.domain.PlutoIntegrationEvent [messageId=7127c94b-540f-4f65-8e88-5cb05e3e93e7]
19:47:03.861 [pool-2-thread-1 @coroutine#60] INFO  c.c.m.m.aws.AwsSqsConsumer - Consuming com.cillu.mediator.integrationevents.domain.PlutoIntegrationEvent [messageId=7127c94b-540f-4f65-8e88-5cb05e3e93e7]
19:47:03.861 [pool-2-thread-1 @coroutine#60] INFO  c.c.m.m.aws.AwsSqsConsumer - Processing com.cillu.mediator.integrationevents.domain.PlutoIntegrationEvent
19:47:03.861 [pool-2-thread-1 @coroutine#60] INFO  com.cillu.mediator.MediatorK - >>> Invoking com.cillu.mediator.integrationevents.config.multiple.PlutoIntegrationEventHandler for event com.cillu.mediator.integrationevents.domain.PlutoIntegrationEvent [id:ce63c316-110a-46af-a689-196b3fe0c492]
19:47:03.861 [pool-2-thread-1 @coroutine#60] INFO  c.c.m.i.c.m.PlutoIntegrationEventHandler - Executing PlutoIntegrationEvent
19:47:03.861 [pool-2-thread-1 @coroutine#60] INFO  c.c.m.i.c.m.PlutoIntegrationEventHandler - Executed PlutoIntegrationEvent
19:47:03.861 [pool-2-thread-1 @coroutine#60] INFO  com.cillu.mediator.MediatorK - <<< Invoked com.cillu.mediator.integrationevents.config.multiple.PlutoIntegrationEventHandler for event com.cillu.mediator.integrationevents.domain.PlutoIntegrationEvent [id:ce63c316-110a-46af-a689-196b3fe0c492]
19:47:03.861 [pool-2-thread-1 @coroutine#60] INFO  c.c.m.m.aws.AwsSqsConsumer - Processed com.cillu.mediator.integrationevents.domain.PlutoIntegrationEvent
19:47:03.861 [pool-2-thread-1 @coroutine#60] INFO  c.c.m.m.aws.AwsSqsConsumer - Consumed com.cillu.mediator.integrationevents.domain.PlutoIntegrationEvent [messageId=7127c94b-540f-4f65-8e88-5cb05e3e93e7]
19:47:03.861 [pool-2-thread-1 @coroutine#63] INFO  c.c.m.m.aws.AwsSqsConsumer - Deleting Message [messageId=7127c94b-540f-4f65-8e88-5cb05e3e93e7]
19:47:03.874 [pool-2-thread-3 @coroutine#61] INFO  c.c.m.m.aws.AwsSqsConsumer - Deleted Message [messageId=13825f0a-5030-4f80-9b4b-f5bd178a0dc1]
19:47:03.914 [pool-2-thread-1 @coroutine#63] INFO  c.c.m.m.aws.AwsSqsConsumer - Deleted Message [messageId=7127c94b-540f-4f65-8e88-5cb05e3e93e7]
]]></system-out>
  </testcase>
</testsuite>