<?xml version="1.0" encoding="UTF-8"?>
<testsuite xmlns:xsi="http://www.w3.org/2001/XMLSchema-instance" xsi:noNamespaceSchemaLocation="https://maven.apache.org/surefire/maven-failsafe-plugin/xsd/failsafe-test-report-3.0.xsd" version="3.0" name="com.cillu.mediator.integrationevents.awssns.AwsSnsIT" time="9.476" tests="1" errors="0" skipped="0" failures="0">
  <properties>
[...]
</properties>
  <testcase name="testPublishMultiple" classname="com.cillu.mediator.integrationevents.awssns.AwsSnsIT" time="9.464">
    <system-out><![CDATA[19:48:07.994 [main @coroutine#1] INFO  c.c.m.m.aws.AwsSnsMessageBroker - Creating Topic platform_topic on Region eu-west-1
19:48:08.762 [main @coroutine#1] INFO  c.c.m.m.aws.AwsSnsMessageBroker - Created Topic platform_topic on Region eu-west-1
19:48:08.762 [main @coroutine#1] INFO  c.c.m.m.aws.AwsSnsMessageBroker - Creating Queue microservice1 on Region eu-west-1
19:48:09.400 [main @coroutine#1] INFO  c.c.m.m.aws.AwsSnsMessageBroker - Created Queue microservice1 on Region eu-west-1
19:48:09.400 [main @coroutine#1] INFO  c.c.m.m.aws.AwsSnsMessageBroker - Creating DeadLetter Queue microservice1_dlq on Region eu-west-1
19:48:09.533 [main @coroutine#1] INFO  c.c.m.m.aws.AwsSnsMessageBroker - Created DeadLetter Queue microservice1_dlq on Region eu-west-1
19:48:09.535 [main @coroutine#1] INFO  c.c.m.m.aws.AwsSnsMessageBroker - Subscribing Queue microservice1 to the Topic arn:aws:sns:eu-west-1:217577495775:platform_topic
19:48:09.660 [main @coroutine#1] INFO  c.c.m.m.aws.AwsSnsMessageBroker - Subscribed Queue microservice1 to the Topic arn:aws:sns:eu-west-1:217577495775:platform_topic
19:48:09.661 [main @coroutine#1] INFO  c.c.m.m.aws.AwsSnsMessageBroker - Setting SQS Policies for Queue microservice1 and Topic arn:aws:sns:eu-west-1:217577495775:platform_topic
19:48:09.732 [main @coroutine#1] INFO  c.c.m.m.aws.AwsSnsMessageBroker - Set SQS Policies for Queue microservice1 and Topic arn:aws:sns:eu-west-1:217577495775:platform_topic
19:48:09.896 [main] INFO  org.reflections.Reflections - Reflections took 138 ms to scan 1 urls, producing 5 keys and 20 values
19:48:09.915 [main] INFO  c.c.m.m.IntegrationEventHandlersMapper - Registered handler class com.cillu.mediator.integrationevents.config.multiple.PippoIntegrationEventHandler for IntegrationEvent com.cillu.mediator.integrationevents.domain.PippoIntegrationEvent
19:48:09.917 [main] INFO  c.c.m.m.IntegrationEventHandlersMapper - Registered handler class com.cillu.mediator.integrationevents.config.multiple.PlutoIntegrationEventHandler for IntegrationEvent com.cillu.mediator.integrationevents.domain.PlutoIntegrationEvent
19:48:09.918 [main] INFO  c.c.m.m.IntegrationEventHandlersMapper - Registered handler class com.cillu.mediator.integrationevents.config.single.FakeIntegrationEventHandler for IntegrationEvent com.cillu.mediator.integrationevents.domain.FakeIntegrationEvent
19:48:09.918 [main] INFO  c.c.m.m.aws.AwsSnsMessageBroker - Launching messages Consumers for Queue https://sqs.eu-west-1.amazonaws.com/217577495775/microservice1
19:48:09.920 [pool-2-thread-2] INFO  c.c.m.m.aws.AwsSqsConsumer - Listening for IntegrationEvent on queue https://sqs.eu-west-1.amazonaws.com/217577495775/microservice1
19:48:09.920 [pool-2-thread-3] INFO  c.c.m.m.aws.AwsSqsConsumer - Listening for IntegrationEvent on queue https://sqs.eu-west-1.amazonaws.com/217577495775/microservice1
19:48:09.920 [pool-2-thread-4] INFO  c.c.m.m.aws.AwsSqsConsumer - Listening for IntegrationEvent on queue https://sqs.eu-west-1.amazonaws.com/217577495775/microservice1
19:48:09.920 [pool-2-thread-1] INFO  c.c.m.m.aws.AwsSqsConsumer - Listening for IntegrationEvent on queue https://sqs.eu-west-1.amazonaws.com/217577495775/microservice1
19:48:09.920 [main] INFO  c.c.m.m.aws.AwsSnsMessageBroker - Consumer Launched for Queue https://sqs.eu-west-1.amazonaws.com/217577495775/microservice1
19:48:09.920 [pool-2-thread-5] INFO  c.c.m.m.aws.AwsSqsConsumer - Listening for IntegrationEvent on queue https://sqs.eu-west-1.amazonaws.com/217577495775/microservice1
19:48:09.926 [main] INFO  com.cillu.mediator.MediatorK - >>> Publishing com.cillu.mediator.integrationevents.domain.FakeIntegrationEvent  [id:594cc358-98c5-457f-8329-a2668fa3d7fb]
19:48:09.927 [main @coroutine#16] INFO  c.c.m.m.aws.AwsSnsMessageBroker - Publishing  com.cillu.mediator.integrationevents.domain.FakeIntegrationEvent on platform_topic
19:48:10.095 [main @coroutine#16] INFO  c.c.m.m.aws.AwsSnsMessageBroker - Published  com.cillu.mediator.integrationevents.domain.FakeIntegrationEvent on platform_topic [messageId:4c2f29fd-3efb-5b64-b7d3-75b5e651d479]
19:48:10.095 [main] INFO  com.cillu.mediator.MediatorK - <<< Published com.cillu.mediator.integrationevents.domain.FakeIntegrationEvent [id:594cc358-98c5-457f-8329-a2668fa3d7fb]
19:48:10.096 [main] INFO  com.cillu.mediator.MediatorK - >>> Publishing com.cillu.mediator.integrationevents.domain.PippoIntegrationEvent  [id:858f8048-bb95-4530-9fb9-d2de677a272a]
19:48:10.096 [main @coroutine#18] INFO  c.c.m.m.aws.AwsSnsMessageBroker - Publishing  com.cillu.mediator.integrationevents.domain.PippoIntegrationEvent on platform_topic
19:48:10.158 [main @coroutine#18] INFO  c.c.m.m.aws.AwsSnsMessageBroker - Published  com.cillu.mediator.integrationevents.domain.PippoIntegrationEvent on platform_topic [messageId:2f4a9e76-16aa-5393-812a-c23ece00cc8e]
19:48:10.158 [main] INFO  com.cillu.mediator.MediatorK - <<< Published com.cillu.mediator.integrationevents.domain.PippoIntegrationEvent [id:858f8048-bb95-4530-9fb9-d2de677a272a]
19:48:10.159 [main] INFO  com.cillu.mediator.MediatorK - >>> Publishing com.cillu.mediator.integrationevents.domain.FilteredIntegrationEvent  [id:8853160b-733f-40c0-a17c-d30dede69010]
19:48:10.159 [main @coroutine#20] INFO  c.c.m.m.aws.AwsSnsMessageBroker - Publishing  com.cillu.mediator.integrationevents.domain.FilteredIntegrationEvent on platform_topic
19:48:10.206 [pool-2-thread-4 @coroutine#11] INFO  c.c.m.m.aws.AwsSqsConsumer - Received com.cillu.mediator.integrationevents.domain.FakeIntegrationEvent [messageId=e9c3ee61-a33e-4a9f-a67d-93a60d5e2066]
19:48:10.207 [pool-2-thread-3 @coroutine#14] INFO  c.c.m.m.aws.AwsSqsConsumer - Received com.cillu.mediator.integrationevents.domain.PippoIntegrationEvent [messageId=2a609de9-fe45-47ca-add8-fe144ca2653a]
19:48:10.208 [pool-2-thread-3 @coroutine#14] INFO  c.c.m.m.aws.AwsSqsConsumer - Consuming com.cillu.mediator.integrationevents.domain.PippoIntegrationEvent [messageId=2a609de9-fe45-47ca-add8-fe144ca2653a]
19:48:10.207 [pool-2-thread-4 @coroutine#11] INFO  c.c.m.m.aws.AwsSqsConsumer - Consuming com.cillu.mediator.integrationevents.domain.FakeIntegrationEvent [messageId=e9c3ee61-a33e-4a9f-a67d-93a60d5e2066]
19:48:10.208 [pool-2-thread-3 @coroutine#14] INFO  c.c.m.m.aws.AwsSqsConsumer - Processing com.cillu.mediator.integrationevents.domain.PippoIntegrationEvent
19:48:10.208 [pool-2-thread-4 @coroutine#11] INFO  c.c.m.m.aws.AwsSqsConsumer - Processing com.cillu.mediator.integrationevents.domain.FakeIntegrationEvent
19:48:10.209 [pool-2-thread-4 @coroutine#11] INFO  com.cillu.mediator.MediatorK - >>> Invoking com.cillu.mediator.integrationevents.config.single.FakeIntegrationEventHandler for event com.cillu.mediator.integrationevents.domain.FakeIntegrationEvent [id:594cc358-98c5-457f-8329-a2668fa3d7fb]
19:48:10.209 [pool-2-thread-3 @coroutine#14] INFO  com.cillu.mediator.MediatorK - >>> Invoking com.cillu.mediator.integrationevents.config.multiple.PippoIntegrationEventHandler for event com.cillu.mediator.integrationevents.domain.PippoIntegrationEvent [id:858f8048-bb95-4530-9fb9-d2de677a272a]
19:48:10.209 [pool-2-thread-4 @coroutine#11] INFO  c.c.m.i.c.s.FakeIntegrationEventHandler - Executing FakeIntegrationEvent
19:48:10.209 [pool-2-thread-3 @coroutine#14] INFO  c.c.m.i.c.m.PippoIntegrationEventHandler - Executing PippoIntegrationEvent
19:48:10.209 [pool-2-thread-4 @coroutine#11] INFO  c.c.m.i.c.s.FakeIntegrationEventHandler - Executed FakeIntegrationEvent
19:48:10.209 [pool-2-thread-3 @coroutine#14] INFO  c.c.m.i.c.m.PippoIntegrationEventHandler - Executed PippoIntegrationEvent
19:48:10.210 [pool-2-thread-4 @coroutine#11] INFO  com.cillu.mediator.MediatorK - <<< Invoked com.cillu.mediator.integrationevents.config.single.FakeIntegrationEventHandler for event com.cillu.mediator.integrationevents.domain.FakeIntegrationEvent [id:594cc358-98c5-457f-8329-a2668fa3d7fb]
19:48:10.210 [pool-2-thread-3 @coroutine#14] INFO  com.cillu.mediator.MediatorK - <<< Invoked com.cillu.mediator.integrationevents.config.multiple.PippoIntegrationEventHandler for event com.cillu.mediator.integrationevents.domain.PippoIntegrationEvent [id:858f8048-bb95-4530-9fb9-d2de677a272a]
19:48:10.210 [pool-2-thread-4 @coroutine#11] INFO  c.c.m.m.aws.AwsSqsConsumer - Processed com.cillu.mediator.integrationevents.domain.FakeIntegrationEvent
19:48:10.210 [pool-2-thread-3 @coroutine#14] INFO  c.c.m.m.aws.AwsSqsConsumer - Processed com.cillu.mediator.integrationevents.domain.PippoIntegrationEvent
19:48:10.211 [pool-2-thread-3 @coroutine#14] INFO  c.c.m.m.aws.AwsSqsConsumer - Consumed com.cillu.mediator.integrationevents.domain.PippoIntegrationEvent [messageId=2a609de9-fe45-47ca-add8-fe144ca2653a]
19:48:10.211 [pool-2-thread-4 @coroutine#11] INFO  c.c.m.m.aws.AwsSqsConsumer - Consumed com.cillu.mediator.integrationevents.domain.FakeIntegrationEvent [messageId=e9c3ee61-a33e-4a9f-a67d-93a60d5e2066]
19:48:10.212 [pool-2-thread-4 @coroutine#22] INFO  c.c.m.m.aws.AwsSqsConsumer - Deleting Message [messageId=e9c3ee61-a33e-4a9f-a67d-93a60d5e2066]
19:48:10.212 [pool-2-thread-3 @coroutine#21] INFO  c.c.m.m.aws.AwsSqsConsumer - Deleting Message [messageId=2a609de9-fe45-47ca-add8-fe144ca2653a]
19:48:10.229 [main @coroutine#20] INFO  c.c.m.m.aws.AwsSnsMessageBroker - Published  com.cillu.mediator.integrationevents.domain.FilteredIntegrationEvent on platform_topic [messageId:052f68b2-453a-5890-9722-34fa9d90a78d]
19:48:10.229 [main] INFO  com.cillu.mediator.MediatorK - <<< Published com.cillu.mediator.integrationevents.domain.FilteredIntegrationEvent [id:8853160b-733f-40c0-a17c-d30dede69010]
19:48:10.230 [main] INFO  com.cillu.mediator.MediatorK - >>> Publishing com.cillu.mediator.integrationevents.domain.PlutoIntegrationEvent  [id:d9e18c80-5827-4e48-9716-6d291ac7cd4e]
19:48:10.230 [main @coroutine#23] INFO  c.c.m.m.aws.AwsSnsMessageBroker - Publishing  com.cillu.mediator.integrationevents.domain.PlutoIntegrationEvent on platform_topic
19:48:10.277 [pool-2-thread-4 @coroutine#22] INFO  c.c.m.m.aws.AwsSqsConsumer - Deleted Message [messageId=e9c3ee61-a33e-4a9f-a67d-93a60d5e2066]
19:48:10.283 [pool-2-thread-3 @coroutine#21] INFO  c.c.m.m.aws.AwsSqsConsumer - Deleted Message [messageId=2a609de9-fe45-47ca-add8-fe144ca2653a]
19:48:10.295 [main @coroutine#23] INFO  c.c.m.m.aws.AwsSnsMessageBroker - Published  com.cillu.mediator.integrationevents.domain.PlutoIntegrationEvent on platform_topic [messageId:b3afd934-4bbe-582f-a4fa-857c9314a732]
19:48:10.296 [main] INFO  com.cillu.mediator.MediatorK - <<< Published com.cillu.mediator.integrationevents.domain.PlutoIntegrationEvent [id:d9e18c80-5827-4e48-9716-6d291ac7cd4e]
19:48:10.296 [main] INFO  com.cillu.mediator.MediatorK - >>> Publishing com.cillu.mediator.integrationevents.domain.FakeIntegrationEvent  [id:3ed70582-6f90-46bf-b8c2-9b3c3b20aba5]
19:48:10.296 [main @coroutine#29] INFO  c.c.m.m.aws.AwsSnsMessageBroker - Publishing  com.cillu.mediator.integrationevents.domain.FakeIntegrationEvent on platform_topic
19:48:10.332 [pool-2-thread-4 @coroutine#27] INFO  c.c.m.m.aws.AwsSqsConsumer - Received com.cillu.mediator.integrationevents.domain.FilteredIntegrationEvent [messageId=dd5e00ac-9d04-4d1e-bea5-cf7f525304b2]
19:48:10.333 [pool-2-thread-4 @coroutine#27] INFO  c.c.m.m.aws.AwsSqsConsumer - Consuming com.cillu.mediator.integrationevents.domain.FilteredIntegrationEvent [messageId=dd5e00ac-9d04-4d1e-bea5-cf7f525304b2]
19:48:10.333 [pool-2-thread-4 @coroutine#27] INFO  c.c.m.m.aws.AwsSqsConsumer - Processing com.cillu.mediator.integrationevents.domain.FilteredIntegrationEvent
19:48:10.334 [pool-2-thread-4 @coroutine#27] INFO  c.c.m.m.aws.AwsSqsConsumer - Discarding event com.cillu.mediator.integrationevents.domain.FilteredIntegrationEvent:dd5e00ac-9d04-4d1e-bea5-cf7f525304b2: com.cillu.mediator.exceptions.IntegrationEventHandlerNotFoundException: No IntegrationEventHandler found for the Integration Event com.cillu.mediator.integrationevents.domain.FilteredIntegrationEvent
19:48:10.334 [pool-2-thread-4 @coroutine#30] INFO  c.c.m.m.aws.AwsSqsConsumer - Deleting Message [messageId=dd5e00ac-9d04-4d1e-bea5-cf7f525304b2]
19:48:10.394 [pool-2-thread-4 @coroutine#30] INFO  c.c.m.m.aws.AwsSqsConsumer - Deleted Message [messageId=dd5e00ac-9d04-4d1e-bea5-cf7f525304b2]
19:48:10.395 [main @coroutine#29] INFO  c.c.m.m.aws.AwsSnsMessageBroker - Published  com.cillu.mediator.integrationevents.domain.FakeIntegrationEvent on platform_topic [messageId:228d32cc-ee75-5bdc-b9dd-6e8436df04c1]
19:48:10.396 [main] INFO  com.cillu.mediator.MediatorK - <<< Published com.cillu.mediator.integrationevents.domain.FakeIntegrationEvent [id:3ed70582-6f90-46bf-b8c2-9b3c3b20aba5]
19:48:10.396 [main] INFO  com.cillu.mediator.MediatorK - >>> Publishing com.cillu.mediator.integrationevents.domain.PippoIntegrationEvent  [id:092af74e-35d4-413f-9e8c-0b8e3a029329]
19:48:10.396 [main @coroutine#34] INFO  c.c.m.m.aws.AwsSnsMessageBroker - Publishing  com.cillu.mediator.integrationevents.domain.PippoIntegrationEvent on platform_topic
19:48:10.398 [pool-2-thread-3 @coroutine#28] INFO  c.c.m.m.aws.AwsSqsConsumer - Received com.cillu.mediator.integrationevents.domain.PlutoIntegrationEvent [messageId=3953af60-d4e1-4d81-804d-a9f8e7f8b53c]
19:48:10.398 [pool-2-thread-3 @coroutine#28] INFO  c.c.m.m.aws.AwsSqsConsumer - Consuming com.cillu.mediator.integrationevents.domain.PlutoIntegrationEvent [messageId=3953af60-d4e1-4d81-804d-a9f8e7f8b53c]
19:48:10.398 [pool-2-thread-3 @coroutine#28] INFO  c.c.m.m.aws.AwsSqsConsumer - Processing com.cillu.mediator.integrationevents.domain.PlutoIntegrationEvent
19:48:10.399 [pool-2-thread-3 @coroutine#28] INFO  com.cillu.mediator.MediatorK - >>> Invoking com.cillu.mediator.integrationevents.config.multiple.PlutoIntegrationEventHandler for event com.cillu.mediator.integrationevents.domain.PlutoIntegrationEvent [id:d9e18c80-5827-4e48-9716-6d291ac7cd4e]
19:48:10.399 [pool-2-thread-3 @coroutine#28] INFO  c.c.m.i.c.m.PlutoIntegrationEventHandler - Executing PlutoIntegrationEvent
19:48:10.399 [pool-2-thread-3 @coroutine#28] INFO  c.c.m.i.c.m.PlutoIntegrationEventHandler - Executed PlutoIntegrationEvent
19:48:10.399 [pool-2-thread-3 @coroutine#28] INFO  com.cillu.mediator.MediatorK - <<< Invoked com.cillu.mediator.integrationevents.config.multiple.PlutoIntegrationEventHandler for event com.cillu.mediator.integrationevents.domain.PlutoIntegrationEvent [id:d9e18c80-5827-4e48-9716-6d291ac7cd4e]
19:48:10.400 [pool-2-thread-3 @coroutine#28] INFO  c.c.m.m.aws.AwsSqsConsumer - Processed com.cillu.mediator.integrationevents.domain.PlutoIntegrationEvent
19:48:10.400 [pool-2-thread-3 @coroutine#28] INFO  c.c.m.m.aws.AwsSqsConsumer - Consumed com.cillu.mediator.integrationevents.domain.PlutoIntegrationEvent [messageId=3953af60-d4e1-4d81-804d-a9f8e7f8b53c]
19:48:10.400 [pool-2-thread-3 @coroutine#36] INFO  c.c.m.m.aws.AwsSqsConsumer - Deleting Message [messageId=3953af60-d4e1-4d81-804d-a9f8e7f8b53c]
19:48:10.456 [pool-2-thread-5 @coroutine#35] INFO  c.c.m.m.aws.AwsSqsConsumer - Received com.cillu.mediator.integrationevents.domain.FakeIntegrationEvent [messageId=8904710f-ebb5-4084-80b0-da8c1783a1d1]
19:48:10.456 [pool-2-thread-5 @coroutine#35] INFO  c.c.m.m.aws.AwsSqsConsumer - Consuming com.cillu.mediator.integrationevents.domain.FakeIntegrationEvent [messageId=8904710f-ebb5-4084-80b0-da8c1783a1d1]
19:48:10.457 [pool-2-thread-5 @coroutine#35] INFO  c.c.m.m.aws.AwsSqsConsumer - Processing com.cillu.mediator.integrationevents.domain.FakeIntegrationEvent
19:48:10.457 [pool-2-thread-5 @coroutine#35] INFO  com.cillu.mediator.MediatorK - >>> Invoking com.cillu.mediator.integrationevents.config.single.FakeIntegrationEventHandler for event com.cillu.mediator.integrationevents.domain.FakeIntegrationEvent [id:3ed70582-6f90-46bf-b8c2-9b3c3b20aba5]
19:48:10.457 [pool-2-thread-5 @coroutine#35] INFO  c.c.m.i.c.s.FakeIntegrationEventHandler - Executing FakeIntegrationEvent
19:48:10.457 [pool-2-thread-5 @coroutine#35] INFO  c.c.m.i.c.s.FakeIntegrationEventHandler - Executed FakeIntegrationEvent
19:48:10.457 [pool-2-thread-5 @coroutine#35] INFO  com.cillu.mediator.MediatorK - <<< Invoked com.cillu.mediator.integrationevents.config.single.FakeIntegrationEventHandler for event com.cillu.mediator.integrationevents.domain.FakeIntegrationEvent [id:3ed70582-6f90-46bf-b8c2-9b3c3b20aba5]
19:48:10.458 [pool-2-thread-5 @coroutine#35] INFO  c.c.m.m.aws.AwsSqsConsumer - Processed com.cillu.mediator.integrationevents.domain.FakeIntegrationEvent
19:48:10.458 [pool-2-thread-5 @coroutine#35] INFO  c.c.m.m.aws.AwsSqsConsumer - Consumed com.cillu.mediator.integrationevents.domain.FakeIntegrationEvent [messageId=8904710f-ebb5-4084-80b0-da8c1783a1d1]
19:48:10.458 [pool-2-thread-5 @coroutine#38] INFO  c.c.m.m.aws.AwsSqsConsumer - Deleting Message [messageId=8904710f-ebb5-4084-80b0-da8c1783a1d1]
19:48:10.459 [pool-2-thread-3 @coroutine#36] INFO  c.c.m.m.aws.AwsSqsConsumer - Deleted Message [messageId=3953af60-d4e1-4d81-804d-a9f8e7f8b53c]
19:48:10.511 [pool-2-thread-5 @coroutine#38] INFO  c.c.m.m.aws.AwsSqsConsumer - Deleted Message [messageId=8904710f-ebb5-4084-80b0-da8c1783a1d1]
19:48:10.520 [main @coroutine#34] INFO  c.c.m.m.aws.AwsSnsMessageBroker - Published  com.cillu.mediator.integrationevents.domain.PippoIntegrationEvent on platform_topic [messageId:1650349d-fc83-554e-a6c0-68d524294a53]
19:48:10.520 [main] INFO  com.cillu.mediator.MediatorK - <<< Published com.cillu.mediator.integrationevents.domain.PippoIntegrationEvent [id:092af74e-35d4-413f-9e8c-0b8e3a029329]
19:48:10.520 [main] INFO  com.cillu.mediator.MediatorK - >>> Publishing com.cillu.mediator.integrationevents.domain.FilteredIntegrationEvent  [id:a5286cb1-c490-43c7-aad1-ea07e7a41d66]
19:48:10.521 [main @coroutine#43] INFO  c.c.m.m.aws.AwsSnsMessageBroker - Publishing  com.cillu.mediator.integrationevents.domain.FilteredIntegrationEvent on platform_topic
19:48:10.569 [pool-2-thread-1 @coroutine#40] INFO  c.c.m.m.aws.AwsSqsConsumer - Received com.cillu.mediator.integrationevents.domain.PippoIntegrationEvent [messageId=7c321d9e-4fcc-4391-87e7-94cf12122819]
19:48:10.569 [pool-2-thread-1 @coroutine#40] INFO  c.c.m.m.aws.AwsSqsConsumer - Consuming com.cillu.mediator.integrationevents.domain.PippoIntegrationEvent [messageId=7c321d9e-4fcc-4391-87e7-94cf12122819]
19:48:10.569 [pool-2-thread-1 @coroutine#40] INFO  c.c.m.m.aws.AwsSqsConsumer - Processing com.cillu.mediator.integrationevents.domain.PippoIntegrationEvent
19:48:10.569 [pool-2-thread-1 @coroutine#40] INFO  com.cillu.mediator.MediatorK - >>> Invoking com.cillu.mediator.integrationevents.config.multiple.PippoIntegrationEventHandler for event com.cillu.mediator.integrationevents.domain.PippoIntegrationEvent [id:092af74e-35d4-413f-9e8c-0b8e3a029329]
19:48:10.570 [pool-2-thread-1 @coroutine#40] INFO  c.c.m.i.c.m.PippoIntegrationEventHandler - Executing PippoIntegrationEvent
19:48:10.570 [pool-2-thread-1 @coroutine#40] INFO  c.c.m.i.c.m.PippoIntegrationEventHandler - Executed PippoIntegrationEvent
19:48:10.570 [pool-2-thread-1 @coroutine#40] INFO  com.cillu.mediator.MediatorK - <<< Invoked com.cillu.mediator.integrationevents.config.multiple.PippoIntegrationEventHandler for event com.cillu.mediator.integrationevents.domain.PippoIntegrationEvent [id:092af74e-35d4-413f-9e8c-0b8e3a029329]
19:48:10.570 [pool-2-thread-1 @coroutine#40] INFO  c.c.m.m.aws.AwsSqsConsumer - Processed com.cillu.mediator.integrationevents.domain.PippoIntegrationEvent
19:48:10.570 [pool-2-thread-1 @coroutine#40] INFO  c.c.m.m.aws.AwsSqsConsumer - Consumed com.cillu.mediator.integrationevents.domain.PippoIntegrationEvent [messageId=7c321d9e-4fcc-4391-87e7-94cf12122819]
19:48:10.571 [pool-2-thread-1 @coroutine#46] INFO  c.c.m.m.aws.AwsSqsConsumer - Deleting Message [messageId=7c321d9e-4fcc-4391-87e7-94cf12122819]
19:48:10.587 [main @coroutine#43] INFO  c.c.m.m.aws.AwsSnsMessageBroker - Published  com.cillu.mediator.integrationevents.domain.FilteredIntegrationEvent on platform_topic [messageId:08be8a6c-6a18-533b-9969-d624b2b2ac26]
19:48:10.588 [main] INFO  com.cillu.mediator.MediatorK - <<< Published com.cillu.mediator.integrationevents.domain.FilteredIntegrationEvent [id:a5286cb1-c490-43c7-aad1-ea07e7a41d66]
19:48:10.588 [main] INFO  com.cillu.mediator.MediatorK - >>> Publishing com.cillu.mediator.integrationevents.domain.PlutoIntegrationEvent  [id:365e8974-e79b-4aaf-9566-7072e10da1ae]
19:48:10.588 [main @coroutine#47] INFO  c.c.m.m.aws.AwsSnsMessageBroker - Publishing  com.cillu.mediator.integrationevents.domain.PlutoIntegrationEvent on platform_topic
19:48:10.632 [pool-2-thread-1 @coroutine#46] INFO  c.c.m.m.aws.AwsSqsConsumer - Deleted Message [messageId=7c321d9e-4fcc-4391-87e7-94cf12122819]
19:48:10.635 [pool-2-thread-3 @coroutine#45] INFO  c.c.m.m.aws.AwsSqsConsumer - Received com.cillu.mediator.integrationevents.domain.FilteredIntegrationEvent [messageId=a8175b77-07ce-416c-ab06-2f4933f4667e]
19:48:10.635 [pool-2-thread-3 @coroutine#45] INFO  c.c.m.m.aws.AwsSqsConsumer - Consuming com.cillu.mediator.integrationevents.domain.FilteredIntegrationEvent [messageId=a8175b77-07ce-416c-ab06-2f4933f4667e]
19:48:10.635 [pool-2-thread-3 @coroutine#45] INFO  c.c.m.m.aws.AwsSqsConsumer - Processing com.cillu.mediator.integrationevents.domain.FilteredIntegrationEvent
19:48:10.636 [pool-2-thread-3 @coroutine#45] INFO  c.c.m.m.aws.AwsSqsConsumer - Discarding event com.cillu.mediator.integrationevents.domain.FilteredIntegrationEvent:a8175b77-07ce-416c-ab06-2f4933f4667e: com.cillu.mediator.exceptions.IntegrationEventHandlerNotFoundException: No IntegrationEventHandler found for the Integration Event com.cillu.mediator.integrationevents.domain.FilteredIntegrationEvent
19:48:10.637 [pool-2-thread-3 @coroutine#51] INFO  c.c.m.m.aws.AwsSqsConsumer - Deleting Message [messageId=a8175b77-07ce-416c-ab06-2f4933f4667e]
19:48:10.657 [main @coroutine#47] INFO  c.c.m.m.aws.AwsSnsMessageBroker - Published  com.cillu.mediator.integrationevents.domain.PlutoIntegrationEvent on platform_topic [messageId:acbf6ced-e47d-581c-9780-30a53cd76701]
19:48:10.657 [main] INFO  com.cillu.mediator.MediatorK - <<< Published com.cillu.mediator.integrationevents.domain.PlutoIntegrationEvent [id:365e8974-e79b-4aaf-9566-7072e10da1ae]
19:48:10.658 [main] INFO  com.cillu.mediator.MediatorK - >>> Publishing com.cillu.mediator.integrationevents.domain.FakeIntegrationEvent  [id:579d8dd7-f5b2-4b17-a3f2-dd08a486acef]
19:48:10.658 [main @coroutine#53] INFO  c.c.m.m.aws.AwsSnsMessageBroker - Publishing  com.cillu.mediator.integrationevents.domain.FakeIntegrationEvent on platform_topic
19:48:10.694 [pool-2-thread-3 @coroutine#51] INFO  c.c.m.m.aws.AwsSqsConsumer - Deleted Message [messageId=a8175b77-07ce-416c-ab06-2f4933f4667e]
19:48:10.696 [pool-2-thread-1 @coroutine#50] INFO  c.c.m.m.aws.AwsSqsConsumer - Received com.cillu.mediator.integrationevents.domain.PlutoIntegrationEvent [messageId=7c56d41c-0ce8-4f00-9165-12cebbc2994c]
19:48:10.697 [pool-2-thread-1 @coroutine#50] INFO  c.c.m.m.aws.AwsSqsConsumer - Consuming com.cillu.mediator.integrationevents.domain.PlutoIntegrationEvent [messageId=7c56d41c-0ce8-4f00-9165-12cebbc2994c]
19:48:10.697 [pool-2-thread-1 @coroutine#50] INFO  c.c.m.m.aws.AwsSqsConsumer - Processing com.cillu.mediator.integrationevents.domain.PlutoIntegrationEvent
19:48:10.697 [pool-2-thread-1 @coroutine#50] INFO  com.cillu.mediator.MediatorK - >>> Invoking com.cillu.mediator.integrationevents.config.multiple.PlutoIntegrationEventHandler for event com.cillu.mediator.integrationevents.domain.PlutoIntegrationEvent [id:365e8974-e79b-4aaf-9566-7072e10da1ae]
19:48:10.697 [pool-2-thread-1 @coroutine#50] INFO  c.c.m.i.c.m.PlutoIntegrationEventHandler - Executing PlutoIntegrationEvent
19:48:10.698 [pool-2-thread-1 @coroutine#50] INFO  c.c.m.i.c.m.PlutoIntegrationEventHandler - Executed PlutoIntegrationEvent
19:48:10.698 [pool-2-thread-1 @coroutine#50] INFO  com.cillu.mediator.MediatorK - <<< Invoked com.cillu.mediator.integrationevents.config.multiple.PlutoIntegrationEventHandler for event com.cillu.mediator.integrationevents.domain.PlutoIntegrationEvent [id:365e8974-e79b-4aaf-9566-7072e10da1ae]
19:48:10.698 [pool-2-thread-1 @coroutine#50] INFO  c.c.m.m.aws.AwsSqsConsumer - Processed com.cillu.mediator.integrationevents.domain.PlutoIntegrationEvent
19:48:10.698 [pool-2-thread-1 @coroutine#50] INFO  c.c.m.m.aws.AwsSqsConsumer - Consumed com.cillu.mediator.integrationevents.domain.PlutoIntegrationEvent [messageId=7c56d41c-0ce8-4f00-9165-12cebbc2994c]
19:48:10.698 [pool-2-thread-1 @coroutine#55] INFO  c.c.m.m.aws.AwsSqsConsumer - Deleting Message [messageId=7c56d41c-0ce8-4f00-9165-12cebbc2994c]
19:48:10.731 [main @coroutine#53] INFO  c.c.m.m.aws.AwsSnsMessageBroker - Published  com.cillu.mediator.integrationevents.domain.FakeIntegrationEvent on platform_topic [messageId:fd894855-1de6-5871-a363-141dc54c176c]
19:48:10.735 [main] INFO  com.cillu.mediator.MediatorK - <<< Published com.cillu.mediator.integrationevents.domain.FakeIntegrationEvent [id:579d8dd7-f5b2-4b17-a3f2-dd08a486acef]
19:48:10.736 [main] INFO  com.cillu.mediator.MediatorK - >>> Publishing com.cillu.mediator.integrationevents.domain.PippoIntegrationEvent  [id:9a5acdc5-9bad-462e-b3e7-ba5b0aa42b35]
19:48:10.736 [main @coroutine#58] INFO  c.c.m.m.aws.AwsSnsMessageBroker - Publishing  com.cillu.mediator.integrationevents.domain.PippoIntegrationEvent on platform_topic
19:48:10.758 [pool-2-thread-1 @coroutine#55] INFO  c.c.m.m.aws.AwsSqsConsumer - Deleted Message [messageId=7c56d41c-0ce8-4f00-9165-12cebbc2994c]
19:48:10.844 [main @coroutine#58] INFO  c.c.m.m.aws.AwsSnsMessageBroker - Published  com.cillu.mediator.integrationevents.domain.PippoIntegrationEvent on platform_topic [messageId:a08ce12b-e32b-581b-9851-bd633b81a706]
19:48:10.844 [main] INFO  com.cillu.mediator.MediatorK - <<< Published com.cillu.mediator.integrationevents.domain.PippoIntegrationEvent [id:9a5acdc5-9bad-462e-b3e7-ba5b0aa42b35]
19:48:10.844 [main] INFO  com.cillu.mediator.MediatorK - >>> Publishing com.cillu.mediator.integrationevents.domain.FilteredIntegrationEvent  [id:9ef58374-2fb0-416b-80bb-78ac4a08c0ca]
19:48:10.844 [main @coroutine#61] INFO  c.c.m.m.aws.AwsSnsMessageBroker - Publishing  com.cillu.mediator.integrationevents.domain.FilteredIntegrationEvent on platform_topic
19:48:10.908 [main @coroutine#61] INFO  c.c.m.m.aws.AwsSnsMessageBroker - Published  com.cillu.mediator.integrationevents.domain.FilteredIntegrationEvent on platform_topic [messageId:db2fcd2d-afe4-5a7f-a90d-9165774f3562]
19:48:10.909 [main] INFO  com.cillu.mediator.MediatorK - <<< Published com.cillu.mediator.integrationevents.domain.FilteredIntegrationEvent [id:9ef58374-2fb0-416b-80bb-78ac4a08c0ca]
19:48:10.909 [main] INFO  com.cillu.mediator.MediatorK - >>> Publishing com.cillu.mediator.integrationevents.domain.PlutoIntegrationEvent  [id:de337ada-d71a-44d5-ab6c-58cde097ba29]
19:48:10.909 [main @coroutine#67] INFO  c.c.m.m.aws.AwsSnsMessageBroker - Publishing  com.cillu.mediator.integrationevents.domain.PlutoIntegrationEvent on platform_topic
19:48:10.910 [pool-2-thread-5 @coroutine#64] INFO  c.c.m.m.aws.AwsSqsConsumer - Received com.cillu.mediator.integrationevents.domain.FakeIntegrationEvent [messageId=d8b122a2-835c-4d93-bcb9-6292b33d0a40]
19:48:10.910 [pool-2-thread-5 @coroutine#64] INFO  c.c.m.m.aws.AwsSqsConsumer - Consuming com.cillu.mediator.integrationevents.domain.FakeIntegrationEvent [messageId=d8b122a2-835c-4d93-bcb9-6292b33d0a40]
19:48:10.910 [pool-2-thread-5 @coroutine#64] INFO  c.c.m.m.aws.AwsSqsConsumer - Processing com.cillu.mediator.integrationevents.domain.FakeIntegrationEvent
19:48:10.911 [pool-2-thread-5 @coroutine#64] INFO  com.cillu.mediator.MediatorK - >>> Invoking com.cillu.mediator.integrationevents.config.single.FakeIntegrationEventHandler for event com.cillu.mediator.integrationevents.domain.FakeIntegrationEvent [id:579d8dd7-f5b2-4b17-a3f2-dd08a486acef]
19:48:10.911 [pool-2-thread-5 @coroutine#64] INFO  c.c.m.i.c.s.FakeIntegrationEventHandler - Executing FakeIntegrationEvent
19:48:10.911 [pool-2-thread-5 @coroutine#64] INFO  c.c.m.i.c.s.FakeIntegrationEventHandler - Executed FakeIntegrationEvent
19:48:10.911 [pool-2-thread-5 @coroutine#64] INFO  com.cillu.mediator.MediatorK - <<< Invoked com.cillu.mediator.integrationevents.config.single.FakeIntegrationEventHandler for event com.cillu.mediator.integrationevents.domain.FakeIntegrationEvent [id:579d8dd7-f5b2-4b17-a3f2-dd08a486acef]
19:48:10.911 [pool-2-thread-5 @coroutine#64] INFO  c.c.m.m.aws.AwsSqsConsumer - Processed com.cillu.mediator.integrationevents.domain.FakeIntegrationEvent
19:48:10.911 [pool-2-thread-5 @coroutine#64] INFO  c.c.m.m.aws.AwsSqsConsumer - Consumed com.cillu.mediator.integrationevents.domain.FakeIntegrationEvent [messageId=d8b122a2-835c-4d93-bcb9-6292b33d0a40]
19:48:10.911 [pool-2-thread-5 @coroutine#68] INFO  c.c.m.m.aws.AwsSqsConsumer - Deleting Message [messageId=d8b122a2-835c-4d93-bcb9-6292b33d0a40]
19:48:11.008 [pool-2-thread-5 @coroutine#68] INFO  c.c.m.m.aws.AwsSqsConsumer - Deleted Message [messageId=d8b122a2-835c-4d93-bcb9-6292b33d0a40]
19:48:11.009 [main @coroutine#67] INFO  c.c.m.m.aws.AwsSnsMessageBroker - Published  com.cillu.mediator.integrationevents.domain.PlutoIntegrationEvent on platform_topic [messageId:23a04397-efe1-5bbd-9ce1-1fdf374aa4a0]
19:48:11.009 [main] INFO  com.cillu.mediator.MediatorK - <<< Published com.cillu.mediator.integrationevents.domain.PlutoIntegrationEvent [id:de337ada-d71a-44d5-ab6c-58cde097ba29]
19:48:11.010 [pool-2-thread-1 @coroutine#66] INFO  c.c.m.m.aws.AwsSqsConsumer - Received com.cillu.mediator.integrationevents.domain.PippoIntegrationEvent [messageId=fed5be17-d0ba-49ec-a981-d25bd91ba88f]
19:48:11.010 [pool-2-thread-1 @coroutine#66] INFO  c.c.m.m.aws.AwsSqsConsumer - Consuming com.cillu.mediator.integrationevents.domain.PippoIntegrationEvent [messageId=fed5be17-d0ba-49ec-a981-d25bd91ba88f]
19:48:11.010 [pool-2-thread-1 @coroutine#66] INFO  c.c.m.m.aws.AwsSqsConsumer - Processing com.cillu.mediator.integrationevents.domain.PippoIntegrationEvent
19:48:11.010 [pool-2-thread-1 @coroutine#66] INFO  com.cillu.mediator.MediatorK - >>> Invoking com.cillu.mediator.integrationevents.config.multiple.PippoIntegrationEventHandler for event com.cillu.mediator.integrationevents.domain.PippoIntegrationEvent [id:9a5acdc5-9bad-462e-b3e7-ba5b0aa42b35]
19:48:11.010 [pool-2-thread-1 @coroutine#66] INFO  c.c.m.i.c.m.PippoIntegrationEventHandler - Executing PippoIntegrationEvent
19:48:11.010 [pool-2-thread-1 @coroutine#66] INFO  c.c.m.i.c.m.PippoIntegrationEventHandler - Executed PippoIntegrationEvent
19:48:11.011 [pool-2-thread-1 @coroutine#66] INFO  com.cillu.mediator.MediatorK - <<< Invoked com.cillu.mediator.integrationevents.config.multiple.PippoIntegrationEventHandler for event com.cillu.mediator.integrationevents.domain.PippoIntegrationEvent [id:9a5acdc5-9bad-462e-b3e7-ba5b0aa42b35]
19:48:11.011 [pool-2-thread-1 @coroutine#66] INFO  c.c.m.m.aws.AwsSqsConsumer - Processed com.cillu.mediator.integrationevents.domain.PippoIntegrationEvent
19:48:11.011 [pool-2-thread-1 @coroutine#66] INFO  c.c.m.m.aws.AwsSqsConsumer - Consumed com.cillu.mediator.integrationevents.domain.PippoIntegrationEvent [messageId=fed5be17-d0ba-49ec-a981-d25bd91ba88f]
19:48:11.011 [pool-2-thread-1 @coroutine#73] INFO  c.c.m.m.aws.AwsSqsConsumer - Deleting Message [messageId=fed5be17-d0ba-49ec-a981-d25bd91ba88f]
19:48:11.058 [pool-2-thread-4 @coroutine#69] INFO  c.c.m.m.aws.AwsSqsConsumer - Received com.cillu.mediator.integrationevents.domain.FilteredIntegrationEvent [messageId=88f29a54-40d9-4047-bc5e-c011afa1f12d]
19:48:11.058 [pool-2-thread-4 @coroutine#69] INFO  c.c.m.m.aws.AwsSqsConsumer - Consuming com.cillu.mediator.integrationevents.domain.FilteredIntegrationEvent [messageId=88f29a54-40d9-4047-bc5e-c011afa1f12d]
19:48:11.058 [pool-2-thread-4 @coroutine#69] INFO  c.c.m.m.aws.AwsSqsConsumer - Processing com.cillu.mediator.integrationevents.domain.FilteredIntegrationEvent
19:48:11.058 [pool-2-thread-4 @coroutine#69] INFO  c.c.m.m.aws.AwsSqsConsumer - Discarding event com.cillu.mediator.integrationevents.domain.FilteredIntegrationEvent:88f29a54-40d9-4047-bc5e-c011afa1f12d: com.cillu.mediator.exceptions.IntegrationEventHandlerNotFoundException: No IntegrationEventHandler found for the Integration Event com.cillu.mediator.integrationevents.domain.FilteredIntegrationEvent
19:48:11.059 [pool-2-thread-4 @coroutine#75] INFO  c.c.m.m.aws.AwsSqsConsumer - Deleting Message [messageId=88f29a54-40d9-4047-bc5e-c011afa1f12d]
19:48:11.063 [pool-2-thread-1 @coroutine#73] INFO  c.c.m.m.aws.AwsSqsConsumer - Deleted Message [messageId=fed5be17-d0ba-49ec-a981-d25bd91ba88f]
19:48:11.078 [pool-2-thread-2 @coroutine#72] INFO  c.c.m.m.aws.AwsSqsConsumer - Received com.cillu.mediator.integrationevents.domain.PlutoIntegrationEvent [messageId=0a1daf61-748b-4958-a526-f8462aee80d0]
19:48:11.078 [pool-2-thread-2 @coroutine#72] INFO  c.c.m.m.aws.AwsSqsConsumer - Consuming com.cillu.mediator.integrationevents.domain.PlutoIntegrationEvent [messageId=0a1daf61-748b-4958-a526-f8462aee80d0]
19:48:11.078 [pool-2-thread-2 @coroutine#72] INFO  c.c.m.m.aws.AwsSqsConsumer - Processing com.cillu.mediator.integrationevents.domain.PlutoIntegrationEvent
19:48:11.078 [pool-2-thread-2 @coroutine#72] INFO  com.cillu.mediator.MediatorK - >>> Invoking com.cillu.mediator.integrationevents.config.multiple.PlutoIntegrationEventHandler for event com.cillu.mediator.integrationevents.domain.PlutoIntegrationEvent [id:de337ada-d71a-44d5-ab6c-58cde097ba29]
19:48:11.078 [pool-2-thread-2 @coroutine#72] INFO  c.c.m.i.c.m.PlutoIntegrationEventHandler - Executing PlutoIntegrationEvent
19:48:11.078 [pool-2-thread-2 @coroutine#72] INFO  c.c.m.i.c.m.PlutoIntegrationEventHandler - Executed PlutoIntegrationEvent
19:48:11.078 [pool-2-thread-2 @coroutine#72] INFO  com.cillu.mediator.MediatorK - <<< Invoked com.cillu.mediator.integrationevents.config.multiple.PlutoIntegrationEventHandler for event com.cillu.mediator.integrationevents.domain.PlutoIntegrationEvent [id:de337ada-d71a-44d5-ab6c-58cde097ba29]
19:48:11.079 [pool-2-thread-2 @coroutine#72] INFO  c.c.m.m.aws.AwsSqsConsumer - Processed com.cillu.mediator.integrationevents.domain.PlutoIntegrationEvent
19:48:11.079 [pool-2-thread-2 @coroutine#72] INFO  c.c.m.m.aws.AwsSqsConsumer - Consumed com.cillu.mediator.integrationevents.domain.PlutoIntegrationEvent [messageId=0a1daf61-748b-4958-a526-f8462aee80d0]
19:48:11.079 [pool-2-thread-2 @coroutine#77] INFO  c.c.m.m.aws.AwsSqsConsumer - Deleting Message [messageId=0a1daf61-748b-4958-a526-f8462aee80d0]
19:48:11.113 [pool-2-thread-4 @coroutine#75] INFO  c.c.m.m.aws.AwsSqsConsumer - Deleted Message [messageId=88f29a54-40d9-4047-bc5e-c011afa1f12d]
19:48:11.131 [pool-2-thread-2 @coroutine#77] INFO  c.c.m.m.aws.AwsSqsConsumer - Deleted Message [messageId=0a1daf61-748b-4958-a526-f8462aee80d0]
]]></system-out>
  </testcase>
</testsuite>